<?xml version="1.0" encoding="UTF-8"?>
<!-- Generated by org.testng.reporters.JUnitReportReporter -->
<testsuite skipped="0" hostname="MOUNIKA" name="TestNG.SampleTest$NewTest" tests="3" failures="0" timestamp="5 Sep 2019 06:00:43 GMT" time="0.025" errors="0">
  <testcase name="f" time="0.014" classname="TestNG.SampleTest$NewTest"/>
  <testcase name="f2" time="0.007" classname="TestNG.SampleTest$NewTest"/>
  <testcase name="f1" time="0.004" classname="TestNG.SampleTest$NewTest"/>
</testsuite> <!-- TestNG.SampleTest$NewTest -->
